<?xml version="1.0" encoding="UTF-8"?>
<testsuite xmlns:xsi="http://www.w3.org/2001/XMLSchema-instance" xsi:noNamespaceSchemaLocation="https://maven.apache.org/surefire/maven-surefire-plugin/xsd/surefire-test-report.xsd" name="RegularExpressionsTest" time="0.05" tests="11" errors="0" skipped="0" failures="2">
  <properties>
    <property name="sun.desktop" value="windows"/>
    <property name="awt.toolkit" value="sun.awt.windows.WToolkit"/>
    <property name="java.specification.version" value="11"/>
    <property name="sun.cpu.isalist" value="amd64"/>
    <property name="sun.jnu.encoding" value="Cp1252"/>
    <property name="java.class.path" value="D:\joa-dev\Documents\NetBeansProjects\mooc-java-programming-ii\part10-Part10_15.RegularExpressions\target\test-classes;D:\joa-dev\Documents\NetBeansProjects\mooc-java-programming-ii\part10-Part10_15.RegularExpressions\target\classes;C:\Users\joa-dev\.m2\repository\junit\junit\4.12\junit-4.12.jar;C:\Users\joa-dev\.m2\repository\org\hamcrest\hamcrest-core\1.3\hamcrest-core-1.3.jar;C:\Users\joa-dev\.m2\repository\fi\helsinki\cs\tmc\edu-test-utils\0.4.2\edu-test-utils-0.4.2.jar;"/>
    <property name="java.vm.vendor" value="Eclipse Adoptium"/>
    <property name="sun.arch.data.model" value="64"/>
    <property name="user.variant" value=""/>
    <property name="java.vendor.url" value="https://adoptium.net/"/>
    <property name="user.timezone" value="America/Buenos_Aires"/>
    <property name="user.country.format" value="ES"/>
    <property name="java.vm.specification.version" value="11"/>
    <property name="os.name" value="Windows 11"/>
    <property name="sun.java.launcher" value="SUN_STANDARD"/>
    <property name="user.country" value="US"/>
    <property name="sun.boot.library.path" value="C:\Program Files\Eclipse Adoptium\jdk-11.0.19.7-hotspot\bin"/>
    <property name="sun.java.command" value="C:\Users\joa-dev\AppData\Local\Temp\surefire5646008466707525607\surefirebooter11609928361255786808.jar C:\Users\joa-dev\AppData\Local\Temp\surefire5646008466707525607 2023-08-20T16-57-59_428-jvmRun1 surefire8179701122629144674tmp surefire_08087901217234534019tmp"/>
    <property name="jdk.debug" value="release"/>
    <property name="surefire.test.class.path" value="D:\joa-dev\Documents\NetBeansProjects\mooc-java-programming-ii\part10-Part10_15.RegularExpressions\target\test-classes;D:\joa-dev\Documents\NetBeansProjects\mooc-java-programming-ii\part10-Part10_15.RegularExpressions\target\classes;C:\Users\joa-dev\.m2\repository\junit\junit\4.12\junit-4.12.jar;C:\Users\joa-dev\.m2\repository\org\hamcrest\hamcrest-core\1.3\hamcrest-core-1.3.jar;C:\Users\joa-dev\.m2\repository\fi\helsinki\cs\tmc\edu-test-utils\0.4.2\edu-test-utils-0.4.2.jar;"/>
    <property name="sun.cpu.endian" value="little"/>
    <property name="user.home" value="C:\Users\joa-dev"/>
    <property name="user.language" value="en"/>
    <property name="java.specification.vendor" value="Oracle Corporation"/>
    <property name="java.version.date" value="2023-04-18"/>
    <property name="java.home" value="C:\Program Files\Eclipse Adoptium\jdk-11.0.19.7-hotspot"/>
    <property name="file.separator" value="\"/>
    <property name="basedir" value="D:\joa-dev\Documents\NetBeansProjects\mooc-java-programming-ii\part10-Part10_15.RegularExpressions"/>
    <property name="java.vm.compressedOopsMode" value="Zero based"/>
    <property name="line.separator" value="&#10;"/>
    <property name="java.specification.name" value="Java Platform API Specification"/>
    <property name="java.vm.specification.vendor" value="Oracle Corporation"/>
    <property name="java.awt.graphicsenv" value="sun.awt.Win32GraphicsEnvironment"/>
    <property name="surefire.real.class.path" value="C:\Users\joa-dev\AppData\Local\Temp\surefire5646008466707525607\surefirebooter11609928361255786808.jar"/>
    <property name="jdk.net.URLClassPath.disableClassPathURLCheck" value="true"/>
    <property name="user.script" value=""/>
    <property name="sun.management.compiler" value="HotSpot 64-Bit Tiered Compilers"/>
    <property name="java.runtime.version" value="11.0.19+7"/>
    <property name="user.name" value="joa-dev"/>
    <property name="path.separator" value=";"/>
    <property name="os.version" value="10.0"/>
    <property name="java.runtime.name" value="OpenJDK Runtime Environment"/>
    <property name="file.encoding" value="UTF-8"/>
    <property name="java.vm.name" value="OpenJDK 64-Bit Server VM"/>
    <property name="java.vendor.version" value="Temurin-11.0.19+7"/>
    <property name="localRepository" value="C:\Users\joa-dev\.m2\repository"/>
    <property name="java.vendor.url.bug" value="https://github.com/adoptium/adoptium-support/issues"/>
    <property name="java.io.tmpdir" value="C:\Users\joa-dev\AppData\Local\Temp\"/>
    <property name="java.version" value="11.0.19"/>
    <property name="user.dir" value="D:\joa-dev\Documents\NetBeansProjects\mooc-java-programming-ii\part10-Part10_15.RegularExpressions"/>
    <property name="os.arch" value="amd64"/>
    <property name="java.vm.specification.name" value="Java Virtual Machine Specification"/>
    <property name="java.awt.printerjob" value="sun.awt.windows.WPrinterJob"/>
    <property name="user.language.format" value="es"/>
    <property name="sun.os.patch.level" value=""/>
    <property name="java.library.path" value="C:\Program Files\Eclipse Adoptium\jdk-11.0.19.7-hotspot\bin;C:\Windows\Sun\Java\bin;C:\Windows\system32;C:\Windows;C:\Program Files\Common Files\Oracle\Java\javapath;C:\Program Files\Microsoft\jdk-11.0.16.101-hotspot\bin;C:\Program Files\Eclipse Adoptium\jdk-11.0.19.7-hotspot\bin;C:\Windows\system32;C:\Windows;C:\Windows\System32\Wbem;C:\Windows\System32\WindowsPowerShell\v1.0\;C:\Windows\System32\OpenSSH\;C:\Program Files\Git\cmd;C:\Program Files\nodejs\;C:\Program Files\Microsoft SQL Server\150\Tools\Binn\;C:\Program Files\Microsoft SQL Server\Client SDK\ODBC\170\Tools\Binn\;C:\Program Files\dotnet\;C:\Program Files\MySQL\MySQL Shell 8.0\bin\;C:\Users\joa-dev\AppData\Local\Microsoft\WindowsApps;;C:\Users\joa-dev\AppData\Local\Programs\Microsoft VS Code\bin;C:\Users\joa-dev\AppData\Roaming\npm;C:\Users\joa-dev\.dotnet\tools;C:\Program Files\JetBrains\IntelliJ IDEA Community Edition 2023.2\bin;;."/>
    <property name="java.vm.info" value="mixed mode"/>
    <property name="java.vendor" value="Eclipse Adoptium"/>
    <property name="java.vm.version" value="11.0.19+7"/>
    <property name="sun.io.unicode.encoding" value="UnicodeLittle"/>
    <property name="java.class.version" value="55.0"/>
  </properties>
  <testcase name="methodIsDayOfWeekExists" classname="RegularExpressionsTest" time="0.014"/>
  <testcase name="isDayOfWeekRejects" classname="RegularExpressionsTest" time="0.001"/>
  <testcase name="methodAllVowelsExists" classname="RegularExpressionsTest" time="0"/>
  <testcase name="noForbiddenCommands" classname="RegularExpressionsTest" time="0.003"/>
  <testcase name="noForbiddenCommands2" classname="RegularExpressionsTest" time="0"/>
  <testcase name="kellonaikaHyvaksyyOikeat" classname="RegularExpressionsTest" time="0.004">
    <failure message="check the code: new Checker().timeOfDay(&quot;20:00:00&quot;)&#10; expected:&lt;true&gt; but was:&lt;false&gt;" type="java.lang.AssertionError"><![CDATA[java.lang.AssertionError: 
check the code: new Checker().timeOfDay("20:00:00")
 expected:<true> but was:<false>
	at RegularExpressionsTest.kellonaikaHyvaksyyOikeat(RegularExpressionsTest.java:125)
]]></failure>
  </testcase>
  <testcase name="onMetodiKellonaika" classname="RegularExpressionsTest" time="0"/>
  <testcase name="acceptsAllVowelStrings" classname="RegularExpressionsTest" time="0">
    <failure message="check the code: new Checker().allVowels(&quot;aeiou&quot;)&#10; expected:&lt;true&gt; but was:&lt;false&gt;" type="java.lang.AssertionError"><![CDATA[java.lang.AssertionError: 
check the code: new Checker().allVowels("aeiou")
 expected:<true> but was:<false>
	at RegularExpressionsTest.acceptsAllVowelStrings(RegularExpressionsTest.java:73)
]]></failure>
  </testcase>
  <testcase name="isDayOfWeekAccepts" classname="RegularExpressionsTest" time="0.001"/>
  <testcase name="failIfConsonantsInString" classname="RegularExpressionsTest" time="0.001"/>
  <testcase name="timeOfDayRefusesWrongOnes" classname="RegularExpressionsTest" time="0"/>
</testsuite>